
 Initializing structure and percolator ... done.

 MC percolation simulation
 -------------------------

 Calculating an estimate for the percolation point p_c.
 Averaging over 500 samples:

 0%                25%                 50%                 75%                 100%
 ▮▮▮▮▮▮▮▮▮▮▮▮▮▮▮▮▮▮▮▮▮▮▮▮▮▮▮▮▮▮▮▮▮▮▮▮▮▮▮▮▮▮▮▮▮▮▮▮▮▮▮▮▮▮▮▮▮▮▮▮▮▮▮▮▮▮▮▮▮▮▮▮▮▮▮▮▮▮▮▮▮▮▮▮ done.

 Critical site (bond) concentrations to find a wrapping cluster

 in one or more dimensions   p_c = 0.20446064  (0.04209329)
 in two or three dimensions  p_c = 0.21662974  (0.04727017)
 in all three dimensions     p_c = 0.24227988  (0.05904179)

 Calculating P_infty(p) and Chi(p).
 Averaging over 500 samples:

 0%                25%                 50%                 75%                 100%
 ▮▮▮▮▮▮▮▮▮▮▮▮▮▮▮▮▮▮▮▮▮▮▮▮▮▮▮▮▮▮▮▮▮▮▮▮▮▮▮▮▮▮▮▮▮▮▮▮▮▮▮▮▮▮▮▮▮▮▮▮▮▮▮▮▮▮▮▮▮▮▮▮▮▮▮▮▮▮▮▮▮▮▮▮ done.

 Return convolution with a binomial distribution.

 Writing results to: percol.infty

 Calculating P_wrap(p).
 Averaging over 500 samples:

 0%                25%                 50%                 75%                 100%
 ▮▮▮▮▮▮▮▮▮▮▮▮▮▮▮▮▮▮▮▮▮▮▮▮▮▮▮▮▮▮▮▮▮▮▮▮▮▮▮▮▮▮▮▮▮▮▮▮▮▮▮▮▮▮▮▮▮▮▮▮▮▮▮▮▮▮▮▮▮▮▮▮▮▮▮▮▮▮▮▮▮▮▮▮ done.

 Return convolution with a binomial distribution.

 Writing results to: percol.wrap

 Calculating fraction F_bonds(p) of percolating bonds.
 Averaging over 500 samples:

 0%                25%                 50%                 75%                 100%
 ▮▮▮▮▮▮▮▮▮▮▮▮▮▮▮▮▮▮▮▮▮▮▮▮▮▮▮▮▮▮▮▮▮▮▮▮▮▮▮▮▮▮▮▮▮▮▮▮▮▮▮▮▮▮▮▮▮▮▮▮▮▮▮▮▮▮▮▮▮▮▮▮▮▮▮▮▮▮▮▮▮▮▮▮ done.

 Return convolution with a binomial distribution.

 Writing results to: percol.bonds

