# p     P_s         P_infty     chi
0.05  0.0 0.143053560241  555.701799246
0.06  0.0 0.142905925426  642.881163933
0.07  0.0 0.145876957717  737.132050541
0.08  0.0004 0.153163003611  845.52446475
0.09  0.0012 0.160234825148  962.07411569
0.1  0.004 0.172153780245  1092.90155054
0.11  0.0084 0.189115836753  1248.66369921
0.12  0.0142 0.205557843852  1402.2957813
0.13  0.0214 0.230842486141  1569.4923075
0.14  0.0484 0.265478312042  1725.52557605
0.15  0.0682 0.300414209346  1876.0176775
0.16  0.1076 0.35070782656  1993.61271149
0.17  0.1614 0.403732553695  2056.33385653
0.18  0.2326 0.471710258721  2003.92579614
0.19  0.3 0.538467518133  1909.19846972
0.2  0.4076 0.616316084011  1630.68313791
0.21  0.4836 0.684407969253  1387.28748455
0.22  0.5904 0.74719344924  1078.6220073
0.23  0.6718 0.801592655671  846.754340127
0.24  0.7546 0.847861420184  573.351123037
0.25  0.8202 0.88601566925  363.250831371
0.26  0.8778 0.914012355689  232.264689399
0.27  0.9228 0.935107727952  142.938933616
0.28  0.9462 0.947897583805  102.272488317
0.29  0.969 0.960928465163  65.9415045857
0.3  0.986 0.969299578463  42.9833304126
