
 Initializing structure and percolator ... done.

 MC percolation simulation
 -------------------------

 Calculating an estimate for the percolation point p_c.
 Averaging over 500 samples:

 0%                25%                 50%                 75%                 100%
 ▮▮▮▮▮▮▮▮▮▮▮▮▮▮▮▮▮▮▮▮▮▮▮▮▮▮▮▮▮▮▮▮▮▮▮▮▮▮▮▮▮▮▮▮▮▮▮▮▮▮▮▮▮▮▮▮▮▮▮▮▮▮▮▮▮▮▮▮▮▮▮▮▮▮▮▮▮▮▮▮▮▮▮▮ done.

 Critical site (bond) concentrations to find a wrapping cluster

 in one or more dimensions   p_c = 0.21543750  (0.04566146)
 in two or three dimensions  p_c = 0.23943750  (0.05647917)
 in all three dimensions     p_c = 0.29096875  (0.08390104)

 Calculating P_infty(p) and Chi(p).
 Averaging over 500 samples:

 0%                25%                 50%                 75%                 100%
 ▮▮▮▮▮▮▮▮▮▮▮▮▮▮▮▮▮▮▮▮▮▮▮▮▮▮▮▮▮▮▮▮▮▮▮▮▮▮▮▮▮▮▮▮▮▮▮▮▮▮▮▮▮▮▮▮▮▮▮▮▮▮▮▮▮▮▮▮▮▮▮▮▮▮▮▮▮▮▮▮▮▮▮▮ done.

 Return convolution with a binomial distribution.

 Writing results to: percol.infty

 Calculating P_wrap(p).
 Averaging over 500 samples:

 0%                25%                 50%                 75%                 100%
 ▮▮▮▮▮▮▮▮▮▮▮▮▮▮▮▮▮▮▮▮▮▮▮▮▮▮▮▮▮▮▮▮▮▮▮▮▮▮▮▮▮▮▮▮▮▮▮▮▮▮▮▮▮▮▮▮▮▮▮▮▮▮▮▮▮▮▮▮▮▮▮▮▮▮▮▮▮▮▮▮▮▮▮▮ done.

 Return convolution with a binomial distribution.

 Writing results to: percol.wrap

 Calculating fraction F_bonds(p) of percolating bonds.
 Averaging over 500 samples:

 0%                25%                 50%                 75%                 100%
 ▮▮▮▮▮▮▮▮▮▮▮▮▮▮▮▮▮▮▮▮▮▮▮▮▮▮▮▮▮▮▮▮▮▮▮▮▮▮▮▮▮▮▮▮▮▮▮▮▮▮▮▮▮▮▮▮▮▮▮▮▮▮▮▮▮▮▮▮▮▮▮▮▮▮▮▮▮▮▮▮▮▮▮▮ done.

 Return convolution with a binomial distribution.

 Writing results to: percol.bonds

 Calculating fraction of inaccessible sites.
 Averaging over 500 samples:

 0%                25%                 50%                 75%                 100%
 ▮▮▮▮▮▮▮▮▮▮▮▮▮▮▮▮▮▮▮▮▮▮▮▮▮▮▮▮▮▮▮▮▮▮▮▮▮▮▮▮▮▮▮▮▮▮▮▮▮▮▮▮▮▮▮▮▮▮▮▮▮▮▮▮▮▮▮▮▮▮▮▮▮▮▮▮▮▮▮▮▮▮▮▮ done.

 Return convolution with a binomial distribution.

 Writing results to: percol.inacc

