# p     P_s         P_infty     chi
0.05  0.0 0.0578945829433  2536.55502667
0.06  0.0 0.0582770582558  2921.72480078
0.07  0.0 0.0599853918425  3364.36700316
0.08  0.0 0.0638477713293  3905.69938406
0.09  0.0 0.068276684204  4510.42029901
0.1  0.0002 0.0740646372321  5260.09155883
0.11  0.0002 0.0813860842539  6123.60525554
0.12  0.001 0.0930841663665  7234.7574854
0.13  0.0036 0.104975838722  8498.24272935
0.14  0.0106 0.12511964606  10213.6173352
0.15  0.0288 0.151924742964  12010.4180425
0.16  0.0428 0.186941338731  14172.4069258
0.17  0.0984 0.240224882012  16418.2485964
0.18  0.1756 0.312208689169  17701.4972949
0.19  0.2786 0.409411071375  17542.3704952
0.2  0.408 0.512955742026  15385.2763342
0.21  0.5598 0.629286636898  11332.9350717
0.22  0.706 0.723871716527  7225.09987564
0.23  0.8242 0.800097854562  3988.04677908
0.24  0.9064 0.852830385889  2280.2379795
0.25  0.9516 0.890487672899  1287.53396156
0.26  0.981 0.917339819176  709.639197962
0.27  0.9926 0.936283061059  464.208158825
0.28  0.9978 0.951086343957  292.509400393
0.29  0.9994 0.961770539004  202.322719524
0.3  1.0 0.969714591054  145.773345519
