# p     P_s         P_infty     chi
0.05  0.0014 0.579387380952  11.6999863781
0.06  0.0054 0.558983946609  14.9709169408
0.07  0.0122 0.552578131313  18.6631739105
0.08  0.0172 0.553641586192  21.3581857431
0.09  0.0258 0.554297599068  24.7160645932
0.1  0.0344 0.568520527806  27.2736069264
0.11  0.0516 0.583511430514  28.8455279298
0.12  0.0754 0.60521236347  29.2854839916
0.13  0.105 0.628590012912  30.0197302441
0.14  0.123 0.651766973811  30.4980912484
0.15  0.1664 0.679472635522  29.7238817995
0.16  0.187 0.702929103683  29.0630451624
0.17  0.2362 0.731525552673  27.8537593633
0.18  0.2744 0.755439938811  26.2740949996
0.19  0.3136 0.783246747125  24.246745821
0.2  0.3634 0.808712889852  21.9182218959
0.21  0.4024 0.833332592999  19.9473374866
0.22  0.4504 0.858231639425  17.3187757478
0.23  0.4876 0.872250913958  15.9443323496
0.24  0.5474 0.894027939398  13.8158735029
0.25  0.594 0.909230612494  11.6994480783
0.26  0.6344 0.924477882334  9.77107052252
0.27  0.6726 0.936312673788  8.53316565661
0.28  0.7146 0.945860235277  7.26786623749
0.29  0.7608 0.957008644733  5.6852981868
0.3  0.7762 0.963522599835  4.72130017704
