# p     P_s         P_infty     chi
0.05  0.0 0.029322124564  6723.32522273
0.06  0.0 0.0297574703618  7746.19905457
0.07  0.0 0.0307515776072  8942.15828986
0.08  0.0 0.0327538846815  10361.4980394
0.09  0.0 0.0352153653445  12101.4415351
0.1  0.0 0.0387566856919  14234.3336587
0.11  0.0 0.0435294601951  16887.3866499
0.12  0.0002 0.0496072609022  20288.4440336
0.13  0.0004 0.0581682156591  24661.7379212
0.14  0.0022 0.0690176064768  30394.8262628
0.15  0.0092 0.0865001292499  38203.6424869
0.16  0.021 0.112162693683  48228.0797763
0.17  0.054 0.15034464911  60641.647542
0.18  0.125 0.217527299474  73092.8124774
0.19  0.254 0.324309020632  78176.9335975
0.2  0.4206 0.455436676703  69582.8536173
0.21  0.6342 0.601896346974  45570.1560762
0.22  0.7996 0.719918973202  23208.4558046
0.23  0.9104 0.80278388164  9809.878336
0.24  0.9742 0.855593108622  4817.09139735
0.25  0.9938 0.892214135419  2729.01658612
0.26  0.9972 0.91738496284  1690.72490447
0.27  1.0 0.936900677001  1061.99355892
0.28  1.0 0.951220226282  714.1022923
0.29  1.0 0.961854375363  486.934121676
0.3  1.0 0.970174241097  339.297888926
